<?xml version="1.0" encoding="UTF-8"?>
<testsuite name="auto.DefinitionTestSuite" time="6.877" tests="15" errors="0" skipped="0" failures="0">
  <properties>
    <property name="java.runtime.name" value="Java(TM) SE Runtime Environment"/>
    <property name="sun.boot.library.path" value="C:\Program Files\Java\jdk1.8.0_65\jre\bin"/>
    <property name="java.vm.version" value="25.65-b01"/>
    <property name="java.vm.vendor" value="Oracle Corporation"/>
    <property name="maven.multiModuleProjectDirectory" value="C:\Users\myloc132\workspace\LoginSkype"/>
    <property name="java.vendor.url" value="http://java.oracle.com/"/>
    <property name="path.separator" value=";"/>
    <property name="guice.disable.misplaced.annotation.check" value="true"/>
    <property name="java.vm.name" value="Java HotSpot(TM) 64-Bit Server VM"/>
    <property name="file.encoding.pkg" value="sun.io"/>
    <property name="user.script" value=""/>
    <property name="user.country" value="GB"/>
    <property name="sun.java.launcher" value="SUN_STANDARD"/>
    <property name="sun.os.patch.level" value=""/>
    <property name="java.vm.specification.name" value="Java Virtual Machine Specification"/>
    <property name="user.dir" value="C:\Users\myloc132\workspace\LoginSkype"/>
    <property name="java.runtime.version" value="1.8.0_65-b17"/>
    <property name="java.awt.graphicsenv" value="sun.awt.Win32GraphicsEnvironment"/>
    <property name="java.endorsed.dirs" value="C:\Program Files\Java\jdk1.8.0_65\jre\lib\endorsed"/>
    <property name="os.arch" value="amd64"/>
    <property name="java.io.tmpdir" value="C:\Users\myloc132\AppData\Local\Temp\"/>
    <property name="line.separator" value="&#10;"/>
    <property name="java.vm.specification.vendor" value="Oracle Corporation"/>
    <property name="user.variant" value=""/>
    <property name="os.name" value="Windows 8.1"/>
    <property name="classworlds.conf" value="C:\maven\bin\m2.conf"/>
    <property name="sun.jnu.encoding" value="Cp1252"/>
    <property name="java.library.path" value="C:\Program Files\Java\jdk1.8.0_65\bin;C:\WINDOWS\Sun\Java\bin;C:\WINDOWS\system32;C:\WINDOWS;C:\ProgramData\Oracle\Java\javapath;C:\WINDOWS\system32;C:\WINDOWS;C:\WINDOWS\System32\Wbem;C:\WINDOWS\System32\WindowsPowerShell\v1.0\;C:\Program Files\TortoiseSVN\bin;C:\Program Files (x86)\Skype\Phone\;C:\Program Files\Java\jdk1.8.0_65\bin;C:\maven\bin;."/>
    <property name="java.specification.name" value="Java Platform API Specification"/>
    <property name="java.class.version" value="52.0"/>
    <property name="sun.management.compiler" value="HotSpot 64-Bit Tiered Compilers"/>
    <property name="os.version" value="6.3"/>
    <property name="user.home" value="C:\Users\myloc132"/>
    <property name="user.timezone" value="Asia/Bangkok"/>
    <property name="java.awt.printerjob" value="sun.awt.windows.WPrinterJob"/>
    <property name="java.specification.version" value="1.8"/>
    <property name="file.encoding" value="Cp1252"/>
    <property name="user.name" value="myloc132"/>
    <property name="java.class.path" value="C:\maven\boot\plexus-classworlds-2.5.2.jar"/>
    <property name="java.vm.specification.version" value="1.8"/>
    <property name="sun.arch.data.model" value="64"/>
    <property name="java.home" value="C:\Program Files\Java\jdk1.8.0_65\jre"/>
    <property name="sun.java.command" value="org.codehaus.plexus.classworlds.launcher.Launcher clean test verify"/>
    <property name="java.specification.vendor" value="Oracle Corporation"/>
    <property name="user.language" value="en"/>
    <property name="awt.toolkit" value="sun.awt.windows.WToolkit"/>
    <property name="java.vm.info" value="mixed mode"/>
    <property name="java.version" value="1.8.0_65"/>
    <property name="java.ext.dirs" value="C:\Program Files\Java\jdk1.8.0_65\jre\lib\ext;C:\WINDOWS\Sun\Java\lib\ext"/>
    <property name="sun.boot.class.path" value="C:\Program Files\Java\jdk1.8.0_65\jre\lib\resources.jar;C:\Program Files\Java\jdk1.8.0_65\jre\lib\rt.jar;C:\Program Files\Java\jdk1.8.0_65\jre\lib\sunrsasign.jar;C:\Program Files\Java\jdk1.8.0_65\jre\lib\jsse.jar;C:\Program Files\Java\jdk1.8.0_65\jre\lib\jce.jar;C:\Program Files\Java\jdk1.8.0_65\jre\lib\charsets.jar;C:\Program Files\Java\jdk1.8.0_65\jre\lib\jfr.jar;C:\Program Files\Java\jdk1.8.0_65\jre\classes"/>
    <property name="sun.stderr.encoding" value="cp437"/>
    <property name="java.vendor" value="Oracle Corporation"/>
    <property name="maven.home" value="C:\maven"/>
    <property name="file.separator" value="\"/>
    <property name="java.vendor.url.bug" value="http://bugreport.sun.com/bugreport/"/>
    <property name="sun.cpu.endian" value="little"/>
    <property name="sun.io.unicode.encoding" value="UnicodeLittle"/>
    <property name="sun.stdout.encoding" value="cp437"/>
    <property name="sun.desktop" value="windows"/>
    <property name="sun.cpu.isalist" value="amd64"/>
  </properties>
  <testcase name="Given user go to page https://login.skype.com/login" classname="Scenario: Login fail with valid Skype name and invalid password" time="0.001"/>
  <testcase name="And enter valid skype name is &quot;phuongtt6103&quot; and invalid password is &quot;123456dh&quot;" classname="Scenario: Login fail with valid Skype name and invalid password" time="0.001"/>
  <testcase name="When user click Signin button" classname="Scenario: Login fail with valid Skype name and invalid password" time="0"/>
  <testcase name="Then page show message &quot;Signing in failed. Please double-check your Skype Name and re-enter your password.&quot;" classname="Scenario: Login fail with valid Skype name and invalid password" time="0"/>
  <testcase name="Scenario: Login fail with valid Skype name and invalid password" classname="Scenario: Login fail with valid Skype name and invalid password" time="5.256"/>
  <testcase name="Given user go to page https://login.skype.com/login" classname="Scenario: Login fail with invalid Skype name and valid password" time="0"/>
  <testcase name="And enter invalid skype name is &quot;phuongtt6103tt&quot; and valid password is &quot;Phuong123456&quot;" classname="Scenario: Login fail with invalid Skype name and valid password" time="0"/>
  <testcase name="When user click Signin button" classname="Scenario: Login fail with invalid Skype name and valid password" time="0"/>
  <testcase name="Then page show message &quot;Signing in failed. Please double-check your Skype Name and re-enter your password.&quot;" classname="Scenario: Login fail with invalid Skype name and valid password" time="0.001"/>
  <testcase name="Scenario: Login fail with invalid Skype name and valid password" classname="Scenario: Login fail with invalid Skype name and valid password" time="0.736"/>
  <testcase name="Given user go to page https://login.skype.com/login" classname="Scenario: Login fail with valid Skype name and valid password" time="0"/>
  <testcase name="And enter valid skype name is &quot;phuongtt6103&quot; and valid password is &quot;Phuong123456&quot;" classname="Scenario: Login fail with valid Skype name and valid password" time="0"/>
  <testcase name="When user click Signin button" classname="Scenario: Login fail with valid Skype name and valid password" time="0"/>
  <testcase name="Then page direct to home page with title is &quot;Skype My Account&quot;" classname="Scenario: Login fail with valid Skype name and valid password" time="0"/>
  <testcase name="Scenario: Login fail with valid Skype name and valid password" classname="Scenario: Login fail with valid Skype name and valid password" time="0.882"/>
</testsuite>